<?xml version="1.0" encoding="UTF-8"?>
<!-- Generated by org.testng.reporters.JUnitXMLReporter -->
<testsuite ignored="0" hostname="LAPTOP-7SQUBF90" failures="0" tests="2" name="Test" time="25.362" errors="0" timestamp="2026-04-30T01:14:45 IST">
  <testcase classname="testCases.TS003_TC04_searchProdByCategory" name="searchProdByCorrectCategory" time="11.525"/>
  <testcase classname="testCases.TS003_TC04_searchProdByCategory" name="searchProdByWrongCategory" time="10.995"/>
</testsuite> <!-- Test -->
