<?xml version="1.0" encoding="UTF-8"?>
<!-- Generated by org.testng.reporters.JUnitXMLReporter -->
<testsuite ignored="0" hostname="LAPTOP-7SQUBF90" failures="0" tests="18" name="Test" time="73.287" errors="0" timestamp="2026-04-29T15:58:06 IST">
  <testcase classname="testCases.TS001_TC01_AccountRegistrationTest" name="create_registration" time="3.082"/>
  <testcase classname="testCases.TS001_TC01_AccountRegistrationTest" name="verify_registration_msg" time="0.461"/>
  <testcase classname="testCases.TS001_TC02_verifyNewsLetterFieldRegistration" name="create_registration" time="3.381"/>
  <testcase classname="testCases.TS001_TC02_verifyNewsLetterFieldRegistration" name="verify_newsletterfield" time="1.616"/>
  <testcase classname="testCases.TS001_TC03_VerifymandatoryFieldsRegistration" name="verifyFirstNameField" time="1.545"/>
  <testcase classname="testCases.TS001_TC03_VerifymandatoryFieldsRegistration" name="verifyLastNameField" time="1.644"/>
  <testcase classname="testCases.TS002_TC01_verifyLoginTest" name="verifyLogin" time="1.596"/>
  <testcase classname="testCases.TS002_TC02_DataDriventTestLogin" name="verify_DDTlogin" time="11.288"/>
  <testcase classname="testCases.TS002_TC02_DataDriventTestLogin" name="verify_DDTlogin" time="2.162"/>
  <testcase classname="testCases.TS002_TC02_DataDriventTestLogin" name="verify_DDTlogin" time="4.103"/>
  <testcase classname="testCases.TS002_TC02_DataDriventTestLogin" name="verify_DDTlogin" time="12.888"/>
  <testcase classname="testCases.TS002_TC02_DataDriventTestLogin" name="verify_DDTlogin" time="2.554"/>
  <testcase classname="testCases.TS003_TC01_product_searchByName" name="search_product" time="2.465"/>
  <testcase classname="testCases.TS003_TC02_NoProductExists" name="verifyNoProductExists" time="0.429"/>
  <testcase classname="testCases.TS003_TC03_searchProductByDescription" name="verifyProductnotexist" time="0.389"/>
  <testcase classname="testCases.TS003_TC03_searchProductByDescription" name="verifyprodByDescription" time="0.469"/>
  <testcase classname="testCases.TS004_TC01_ForgotPassword" name="validateCredentials" time="2.448"/>
  <testcase classname="testCases.TS004_TC01_ForgotPassword" name="verifyForgotPasword" time="1.971"/>
</testsuite> <!-- Test -->
