<?xml version="1.0" encoding="UTF-8"?>
<!-- Generated by org.testng.reporters.JUnitXMLReporter -->
<testsuite ignored="0" hostname="LAPTOP-7SQUBF90" failures="0" tests="18" name="Test" time="139.424" errors="0" timestamp="2026-04-29T17:02:22 IST">
  <testcase classname="testCases.TS001_TC01_AccountRegistrationTest" name="create_registration" time="6.63"/>
  <testcase classname="testCases.TS001_TC01_AccountRegistrationTest" name="verify_registration_msg" time="0.983"/>
  <testcase classname="testCases.TS001_TC02_verifyNewsLetterFieldRegistration" name="create_registration" time="5.032"/>
  <testcase classname="testCases.TS001_TC02_verifyNewsLetterFieldRegistration" name="verify_newsletterfield" time="2.246"/>
  <testcase classname="testCases.TS001_TC03_VerifymandatoryFieldsRegistration" name="verifyFirstNameField" time="3.357"/>
  <testcase classname="testCases.TS001_TC03_VerifymandatoryFieldsRegistration" name="verifyLastNameField" time="2.009"/>
  <testcase classname="testCases.TS002_TC01_verifyLoginTest" name="verifyLogin" time="2.077"/>
  <testcase classname="testCases.TS002_TC02_DataDriventTestLogin" name="verify_DDTlogin" time="12.555"/>
  <testcase classname="testCases.TS002_TC02_DataDriventTestLogin" name="verify_DDTlogin" time="3.556"/>
  <testcase classname="testCases.TS002_TC02_DataDriventTestLogin" name="verify_DDTlogin" time="3.379"/>
  <testcase classname="testCases.TS002_TC02_DataDriventTestLogin" name="verify_DDTlogin" time="10.47"/>
  <testcase classname="testCases.TS002_TC02_DataDriventTestLogin" name="verify_DDTlogin" time="3.187"/>
  <testcase classname="testCases.TS003_TC01_product_searchByName" name="search_product" time="2.52"/>
  <testcase classname="testCases.TS003_TC02_NoProductExists" name="verifyNoProductExists" time="0.392"/>
  <testcase classname="testCases.TS003_TC03_searchProductByDescription" name="verifyProductnotexist" time="0.49"/>
  <testcase classname="testCases.TS003_TC03_searchProductByDescription" name="verifyprodByDescription" time="0.815"/>
  <testcase classname="testCases.TS004_TC01_ForgotPassword" name="validateCredentials" time="4.093"/>
  <testcase classname="testCases.TS004_TC01_ForgotPassword" name="verifyForgotPasword" time="2.972"/>
</testsuite> <!-- Test -->
