<?xml version="1.0" encoding="UTF-8"?>
<testng-results ignored="0" total="5" passed="5" failed="0" skipped="0">
  <reporter-output>
  </reporter-output>
  <suite started-at="2026-04-29T17:47:47 IST" name="Suite" finished-at="2026-04-29T17:48:23 IST" duration-ms="36184">
    <groups>
      <group name="Login">
        <method signature="TS002_TC02_DataDriventTestLogin.verify_DDTlogin(java.lang.String,java.lang.String,java.lang.String)[pri:0, instance:testCases.TS002_TC02_DataDriventTestLogin@51fadaff]" name="verify_DDTlogin" class="testCases.TS002_TC02_DataDriventTestLogin"/>
      </group> <!-- Login -->
    </groups>
    <test started-at="2026-04-29T17:47:47 IST" name="Test" finished-at="2026-04-29T17:48:23 IST" duration-ms="36184">
      <class name="testCases.TS002_TC02_DataDriventTestLogin">
        <test-method is-config="true" signature="setup(java.lang.String,java.lang.String)[pri:0, instance:testCases.TS002_TC02_DataDriventTestLogin@51fadaff]" started-at="2026-04-29T17:47:47 IST" name="setup" finished-at="2026-04-29T17:47:49 IST" duration-ms="2070" status="PASS">
          <params>
            <param index="0">
              <value>
                <![CDATA[Windows]]>
              </value>
            </param>
            <param index="1">
              <value>
                <![CDATA[Chrome]]>
              </value>
            </param>
          </params>
          <reporter-output>
          </reporter-output>
        </test-method> <!-- setup -->
        <test-method signature="verify_DDTlogin(java.lang.String,java.lang.String,java.lang.String)[pri:0, instance:testCases.TS002_TC02_DataDriventTestLogin@51fadaff]" started-at="2026-04-29T17:47:50 IST" name="verify_DDTlogin" data-provider="LoginData" finished-at="2026-04-29T17:48:02 IST" duration-ms="11561" status="PASS">
          <params>
            <param index="0">
              <value>
                <![CDATA[sfvefvte@gmail.com]]>
              </value>
            </param>
            <param index="1">
              <value>
                <![CDATA[test@123]]>
              </value>
            </param>
            <param index="2">
              <value>
                <![CDATA[Invalid]]>
              </value>
            </param>
          </params>
          <reporter-output>
          </reporter-output>
        </test-method> <!-- verify_DDTlogin -->
        <test-method signature="verify_DDTlogin(java.lang.String,java.lang.String,java.lang.String)[pri:0, instance:testCases.TS002_TC02_DataDriventTestLogin@51fadaff]" started-at="2026-04-29T17:48:02 IST" name="verify_DDTlogin" data-provider="LoginData" finished-at="2026-04-29T17:48:04 IST" duration-ms="2481" status="PASS">
          <params>
            <param index="0">
              <value>
                <![CDATA[lakshmi@yahoo.com]]>
              </value>
            </param>
            <param index="1">
              <value>
                <![CDATA[Laxmi]]>
              </value>
            </param>
            <param index="2">
              <value>
                <![CDATA[Valid]]>
              </value>
            </param>
          </params>
          <reporter-output>
          </reporter-output>
        </test-method> <!-- verify_DDTlogin -->
        <test-method signature="verify_DDTlogin(java.lang.String,java.lang.String,java.lang.String)[pri:0, instance:testCases.TS002_TC02_DataDriventTestLogin@51fadaff]" started-at="2026-04-29T17:48:04 IST" name="verify_DDTlogin" data-provider="LoginData" finished-at="2026-04-29T17:48:08 IST" duration-ms="3055" status="PASS">
          <params>
            <param index="0">
              <value>
                <![CDATA[newproject2@xyz.com]]>
              </value>
            </param>
            <param index="1">
              <value>
                <![CDATA[abc@xyz]]>
              </value>
            </param>
            <param index="2">
              <value>
                <![CDATA[Valid]]>
              </value>
            </param>
          </params>
          <reporter-output>
          </reporter-output>
        </test-method> <!-- verify_DDTlogin -->
        <test-method signature="verify_DDTlogin(java.lang.String,java.lang.String,java.lang.String)[pri:0, instance:testCases.TS002_TC02_DataDriventTestLogin@51fadaff]" started-at="2026-04-29T17:48:08 IST" name="verify_DDTlogin" data-provider="LoginData" finished-at="2026-04-29T17:48:21 IST" duration-ms="13294" status="PASS">
          <params>
            <param index="0">
              <value>
                <![CDATA[laks@yahoo.com]]>
              </value>
            </param>
            <param index="1">
              <value>
                <![CDATA[xyz]]>
              </value>
            </param>
            <param index="2">
              <value>
                <![CDATA[Invalid]]>
              </value>
            </param>
          </params>
          <reporter-output>
          </reporter-output>
        </test-method> <!-- verify_DDTlogin -->
        <test-method signature="verify_DDTlogin(java.lang.String,java.lang.String,java.lang.String)[pri:0, instance:testCases.TS002_TC02_DataDriventTestLogin@51fadaff]" started-at="2026-04-29T17:48:21 IST" name="verify_DDTlogin" data-provider="LoginData" finished-at="2026-04-29T17:48:23 IST" duration-ms="2360" status="PASS">
          <params>
            <param index="0">
              <value>
                <![CDATA[abc123@gmail.com]]>
              </value>
            </param>
            <param index="1">
              <value>
                <![CDATA[test@123]]>
              </value>
            </param>
            <param index="2">
              <value>
                <![CDATA[Valid]]>
              </value>
            </param>
          </params>
          <reporter-output>
          </reporter-output>
        </test-method> <!-- verify_DDTlogin -->
        <test-method is-config="true" signature="tearDown()[pri:0, instance:testCases.TS002_TC02_DataDriventTestLogin@51fadaff]" started-at="2026-04-29T17:48:23 IST" name="tearDown" finished-at="2026-04-29T17:48:23 IST" duration-ms="220" status="PASS">
          <reporter-output>
          </reporter-output>
        </test-method> <!-- tearDown -->
      </class> <!-- testCases.TS002_TC02_DataDriventTestLogin -->
    </test> <!-- Test -->
  </suite> <!-- Suite -->
</testng-results>
