<?xml version="1.0" encoding="UTF-8"?>
<testng-results ignored="0" total="18" passed="18" failed="0" skipped="0">
  <reporter-output>
  </reporter-output>
  <suite started-at="2026-04-29T15:56:53 IST" name="Suite" finished-at="2026-04-29T15:58:06 IST" duration-ms="73287">
    <groups>
      <group name="ProductSearch">
        <method signature="TS003_TC01_product_searchByName.search_product()[pri:-1, instance:testCases.TS003_TC01_product_searchByName@62ef27a8]" name="search_product" class="testCases.TS003_TC01_product_searchByName"/>
        <method signature="TS003_TC02_NoProductExists.verifyNoProductExists()[pri:0, instance:testCases.TS003_TC02_NoProductExists@6436a7db]" name="verifyNoProductExists" class="testCases.TS003_TC02_NoProductExists"/>
        <method signature="TS003_TC03_searchProductByDescription.verifyProductnotexist()[pri:0, instance:testCases.TS003_TC03_searchProductByDescription@460ebd80]" name="verifyProductnotexist" class="testCases.TS003_TC03_searchProductByDescription"/>
      </group> <!-- ProductSearch -->
      <group name="Registration">
        <method signature="TS001_TC01_AccountRegistrationTest.create_registration()[pri:0, instance:testCases.TS001_TC01_AccountRegistrationTest@3a5ecce3]" name="create_registration" class="testCases.TS001_TC01_AccountRegistrationTest"/>
        <method signature="TS001_TC02_verifyNewsLetterFieldRegistration.create_registration()[pri:0, instance:testCases.TS001_TC02_verifyNewsLetterFieldRegistration@21a21c64]" name="create_registration" class="testCases.TS001_TC02_verifyNewsLetterFieldRegistration"/>
        <method signature="TS001_TC01_AccountRegistrationTest.verify_registration_msg()[pri:1, instance:testCases.TS001_TC01_AccountRegistrationTest@3a5ecce3]" name="verify_registration_msg" class="testCases.TS001_TC01_AccountRegistrationTest"/>
        <method signature="TS001_TC02_verifyNewsLetterFieldRegistration.verify_newsletterfield()[pri:1, instance:testCases.TS001_TC02_verifyNewsLetterFieldRegistration@21a21c64]" name="verify_newsletterfield" class="testCases.TS001_TC02_verifyNewsLetterFieldRegistration"/>
        <method signature="TS001_TC03_VerifymandatoryFieldsRegistration.verifyFirstNameField()[pri:1, instance:testCases.TS001_TC03_VerifymandatoryFieldsRegistration@7803bfd]" name="verifyFirstNameField" class="testCases.TS001_TC03_VerifymandatoryFieldsRegistration"/>
      </group> <!-- Registration -->
      <group name="Login">
        <method signature="TS002_TC01_verifyLoginTest.verifyLogin()[pri:0, instance:testCases.TS002_TC01_verifyLoginTest@42bc14c1]" name="verifyLogin" class="testCases.TS002_TC01_verifyLoginTest"/>
        <method signature="TS002_TC02_DataDriventTestLogin.verify_DDTlogin(java.lang.String,java.lang.String,java.lang.String)[pri:0, instance:testCases.TS002_TC02_DataDriventTestLogin@531f4093]" name="verify_DDTlogin" class="testCases.TS002_TC02_DataDriventTestLogin"/>
      </group> <!-- Login -->
    </groups>
    <test started-at="2026-04-29T15:56:53 IST" name="Test" finished-at="2026-04-29T15:58:06 IST" duration-ms="73287">
      <class name="testCases.TS002_TC02_DataDriventTestLogin">
        <test-method is-config="true" signature="setup(java.lang.String,java.lang.String)[pri:0, instance:testCases.TS002_TC02_DataDriventTestLogin@531f4093]" started-at="2026-04-29T15:57:14 IST" name="setup" finished-at="2026-04-29T15:57:16 IST" duration-ms="1787" status="PASS">
          <params>
            <param index="0">
              <value>
                <![CDATA[Windows]]>
              </value>
            </param>
            <param index="1">
              <value>
                <![CDATA[Chrome]]>
              </value>
            </param>
          </params>
          <reporter-output>
          </reporter-output>
        </test-method> <!-- setup -->
        <test-method signature="verify_DDTlogin(java.lang.String,java.lang.String,java.lang.String)[pri:0, instance:testCases.TS002_TC02_DataDriventTestLogin@531f4093]" started-at="2026-04-29T15:57:17 IST" name="verify_DDTlogin" data-provider="LoginData" finished-at="2026-04-29T15:57:28 IST" duration-ms="11288" status="PASS">
          <params>
            <param index="0">
              <value>
                <![CDATA[pavanoltraining@gmail.com]]>
              </value>
            </param>
            <param index="1">
              <value>
                <![CDATA[test@123]]>
              </value>
            </param>
            <param index="2">
              <value>
                <![CDATA[Invalid]]>
              </value>
            </param>
          </params>
          <reporter-output>
          </reporter-output>
        </test-method> <!-- verify_DDTlogin -->
        <test-method signature="verify_DDTlogin(java.lang.String,java.lang.String,java.lang.String)[pri:0, instance:testCases.TS002_TC02_DataDriventTestLogin@531f4093]" started-at="2026-04-29T15:57:28 IST" name="verify_DDTlogin" data-provider="LoginData" finished-at="2026-04-29T15:57:30 IST" duration-ms="2162" status="PASS">
          <params>
            <param index="0">
              <value>
                <![CDATA[lakshmi@yahoo.com]]>
              </value>
            </param>
            <param index="1">
              <value>
                <![CDATA[Laxmi]]>
              </value>
            </param>
            <param index="2">
              <value>
                <![CDATA[Valid]]>
              </value>
            </param>
          </params>
          <reporter-output>
          </reporter-output>
        </test-method> <!-- verify_DDTlogin -->
        <test-method signature="verify_DDTlogin(java.lang.String,java.lang.String,java.lang.String)[pri:0, instance:testCases.TS002_TC02_DataDriventTestLogin@531f4093]" started-at="2026-04-29T15:57:30 IST" name="verify_DDTlogin" data-provider="LoginData" finished-at="2026-04-29T15:57:34 IST" duration-ms="4103" status="PASS">
          <params>
            <param index="0">
              <value>
                <![CDATA[laksh@yahoo.com]]>
              </value>
            </param>
            <param index="1">
              <value>
                <![CDATA[Lakshmi]]>
              </value>
            </param>
            <param index="2">
              <value>
                <![CDATA[Valid]]>
              </value>
            </param>
          </params>
          <reporter-output>
          </reporter-output>
        </test-method> <!-- verify_DDTlogin -->
        <test-method signature="verify_DDTlogin(java.lang.String,java.lang.String,java.lang.String)[pri:0, instance:testCases.TS002_TC02_DataDriventTestLogin@531f4093]" started-at="2026-04-29T15:57:34 IST" name="verify_DDTlogin" data-provider="LoginData" finished-at="2026-04-29T15:57:47 IST" duration-ms="12888" status="PASS">
          <params>
            <param index="0">
              <value>
                <![CDATA[laks@yahoo.com]]>
              </value>
            </param>
            <param index="1">
              <value>
                <![CDATA[xyz]]>
              </value>
            </param>
            <param index="2">
              <value>
                <![CDATA[Invalid]]>
              </value>
            </param>
          </params>
          <reporter-output>
          </reporter-output>
        </test-method> <!-- verify_DDTlogin -->
        <test-method signature="verify_DDTlogin(java.lang.String,java.lang.String,java.lang.String)[pri:0, instance:testCases.TS002_TC02_DataDriventTestLogin@531f4093]" started-at="2026-04-29T15:57:47 IST" name="verify_DDTlogin" data-provider="LoginData" finished-at="2026-04-29T15:57:50 IST" duration-ms="2554" status="PASS">
          <params>
            <param index="0">
              <value>
                <![CDATA[abc123@gmail.com]]>
              </value>
            </param>
            <param index="1">
              <value>
                <![CDATA[test@123]]>
              </value>
            </param>
            <param index="2">
              <value>
                <![CDATA[Valid]]>
              </value>
            </param>
          </params>
          <reporter-output>
          </reporter-output>
        </test-method> <!-- verify_DDTlogin -->
        <test-method is-config="true" signature="tearDown()[pri:0, instance:testCases.TS002_TC02_DataDriventTestLogin@531f4093]" started-at="2026-04-29T15:57:50 IST" name="tearDown" finished-at="2026-04-29T15:57:50 IST" duration-ms="172" status="PASS">
          <reporter-output>
          </reporter-output>
        </test-method> <!-- tearDown -->
      </class> <!-- testCases.TS002_TC02_DataDriventTestLogin -->
      <class name="testCases.TS004_TC01_ForgotPassword">
        <test-method is-config="true" signature="setup(java.lang.String,java.lang.String)[pri:0, instance:testCases.TS004_TC01_ForgotPassword@6f3c660a]" started-at="2026-04-29T15:58:00 IST" name="setup" finished-at="2026-04-29T15:58:02 IST" duration-ms="1607" status="PASS">
          <params>
            <param index="0">
              <value>
                <![CDATA[Windows]]>
              </value>
            </param>
            <param index="1">
              <value>
                <![CDATA[Chrome]]>
              </value>
            </param>
          </params>
          <reporter-output>
          </reporter-output>
        </test-method> <!-- setup -->
        <test-method signature="validateCredentials()[pri:-1, instance:testCases.TS004_TC01_ForgotPassword@6f3c660a]" started-at="2026-04-29T15:58:02 IST" name="validateCredentials" finished-at="2026-04-29T15:58:04 IST" duration-ms="2448" status="PASS">
          <reporter-output>
          </reporter-output>
        </test-method> <!-- validateCredentials -->
        <test-method signature="verifyForgotPasword()[pri:1, instance:testCases.TS004_TC01_ForgotPassword@6f3c660a]" started-at="2026-04-29T15:58:04 IST" name="verifyForgotPasword" finished-at="2026-04-29T15:58:06 IST" duration-ms="1971" status="PASS">
          <reporter-output>
          </reporter-output>
        </test-method> <!-- verifyForgotPasword -->
        <test-method is-config="true" signature="tearDown()[pri:0, instance:testCases.TS004_TC01_ForgotPassword@6f3c660a]" started-at="2026-04-29T15:58:06 IST" name="tearDown" finished-at="2026-04-29T15:58:06 IST" duration-ms="131" status="PASS">
          <reporter-output>
          </reporter-output>
        </test-method> <!-- tearDown -->
      </class> <!-- testCases.TS004_TC01_ForgotPassword -->
      <class name="testCases.TS001_TC03_VerifymandatoryFieldsRegistration">
        <test-method is-config="true" signature="setup(java.lang.String,java.lang.String)[pri:0, instance:testCases.TS001_TC03_VerifymandatoryFieldsRegistration@7803bfd]" started-at="2026-04-29T15:57:06 IST" name="setup" finished-at="2026-04-29T15:57:07 IST" duration-ms="1559" status="PASS">
          <params>
            <param index="0">
              <value>
                <![CDATA[Windows]]>
              </value>
            </param>
            <param index="1">
              <value>
                <![CDATA[Chrome]]>
              </value>
            </param>
          </params>
          <reporter-output>
          </reporter-output>
        </test-method> <!-- setup -->
        <test-method signature="verifyFirstNameField()[pri:1, instance:testCases.TS001_TC03_VerifymandatoryFieldsRegistration@7803bfd]" started-at="2026-04-29T15:57:07 IST" name="verifyFirstNameField" finished-at="2026-04-29T15:57:09 IST" duration-ms="1545" status="PASS">
          <reporter-output>
          </reporter-output>
        </test-method> <!-- verifyFirstNameField -->
        <test-method signature="verifyLastNameField()[pri:2, instance:testCases.TS001_TC03_VerifymandatoryFieldsRegistration@7803bfd]" started-at="2026-04-29T15:57:09 IST" name="verifyLastNameField" finished-at="2026-04-29T15:57:11 IST" duration-ms="1644" status="PASS">
          <reporter-output>
          </reporter-output>
        </test-method> <!-- verifyLastNameField -->
        <test-method is-config="true" signature="tearDown()[pri:0, instance:testCases.TS001_TC03_VerifymandatoryFieldsRegistration@7803bfd]" started-at="2026-04-29T15:57:11 IST" name="tearDown" finished-at="2026-04-29T15:57:11 IST" duration-ms="182" status="PASS">
          <reporter-output>
          </reporter-output>
        </test-method> <!-- tearDown -->
      </class> <!-- testCases.TS001_TC03_VerifymandatoryFieldsRegistration -->
      <class name="testCases.TS001_TC01_AccountRegistrationTest">
        <test-method is-config="true" signature="setup(java.lang.String,java.lang.String)[pri:0, instance:testCases.TS001_TC01_AccountRegistrationTest@3a5ecce3]" started-at="2026-04-29T15:56:53 IST" name="setup" finished-at="2026-04-29T15:56:55 IST" duration-ms="1950" status="PASS">
          <params>
            <param index="0">
              <value>
                <![CDATA[Windows]]>
              </value>
            </param>
            <param index="1">
              <value>
                <![CDATA[Chrome]]>
              </value>
            </param>
          </params>
          <reporter-output>
          </reporter-output>
        </test-method> <!-- setup -->
        <test-method signature="create_registration()[pri:0, instance:testCases.TS001_TC01_AccountRegistrationTest@3a5ecce3]" started-at="2026-04-29T15:56:55 IST" name="create_registration" finished-at="2026-04-29T15:56:58 IST" duration-ms="3082" status="PASS">
          <reporter-output>
          </reporter-output>
        </test-method> <!-- create_registration -->
        <test-method signature="verify_registration_msg()[pri:1, instance:testCases.TS001_TC01_AccountRegistrationTest@3a5ecce3]" started-at="2026-04-29T15:56:58 IST" name="verify_registration_msg" finished-at="2026-04-29T15:56:59 IST" depends-on-methods="create_registration()" duration-ms="461" status="PASS">
          <reporter-output>
          </reporter-output>
        </test-method> <!-- verify_registration_msg -->
        <test-method is-config="true" signature="tearDown()[pri:0, instance:testCases.TS001_TC01_AccountRegistrationTest@3a5ecce3]" started-at="2026-04-29T15:56:59 IST" name="tearDown" finished-at="2026-04-29T15:56:59 IST" duration-ms="178" status="PASS">
          <reporter-output>
          </reporter-output>
        </test-method> <!-- tearDown -->
      </class> <!-- testCases.TS001_TC01_AccountRegistrationTest -->
      <class name="testCases.TS002_TC01_verifyLoginTest">
        <test-method is-config="true" signature="setup(java.lang.String,java.lang.String)[pri:0, instance:testCases.TS002_TC01_verifyLoginTest@42bc14c1]" started-at="2026-04-29T15:57:11 IST" name="setup" finished-at="2026-04-29T15:57:12 IST" duration-ms="1534" status="PASS">
          <params>
            <param index="0">
              <value>
                <![CDATA[Windows]]>
              </value>
            </param>
            <param index="1">
              <value>
                <![CDATA[Chrome]]>
              </value>
            </param>
          </params>
          <reporter-output>
          </reporter-output>
        </test-method> <!-- setup -->
        <test-method signature="verifyLogin()[pri:0, instance:testCases.TS002_TC01_verifyLoginTest@42bc14c1]" started-at="2026-04-29T15:57:12 IST" name="verifyLogin" finished-at="2026-04-29T15:57:14 IST" duration-ms="1596" status="PASS">
          <reporter-output>
          </reporter-output>
        </test-method> <!-- verifyLogin -->
        <test-method is-config="true" signature="tearDown()[pri:0, instance:testCases.TS002_TC01_verifyLoginTest@42bc14c1]" started-at="2026-04-29T15:57:14 IST" name="tearDown" finished-at="2026-04-29T15:57:14 IST" duration-ms="141" status="PASS">
          <reporter-output>
          </reporter-output>
        </test-method> <!-- tearDown -->
      </class> <!-- testCases.TS002_TC01_verifyLoginTest -->
      <class name="testCases.TS003_TC01_product_searchByName">
        <test-method is-config="true" signature="setup(java.lang.String,java.lang.String)[pri:0, instance:testCases.TS003_TC01_product_searchByName@62ef27a8]" started-at="2026-04-29T15:57:50 IST" name="setup" finished-at="2026-04-29T15:57:53 IST" duration-ms="3043" status="PASS">
          <params>
            <param index="0">
              <value>
                <![CDATA[Windows]]>
              </value>
            </param>
            <param index="1">
              <value>
                <![CDATA[Chrome]]>
              </value>
            </param>
          </params>
          <reporter-output>
          </reporter-output>
        </test-method> <!-- setup -->
        <test-method signature="search_product()[pri:-1, instance:testCases.TS003_TC01_product_searchByName@62ef27a8]" started-at="2026-04-29T15:57:53 IST" name="search_product" finished-at="2026-04-29T15:57:55 IST" duration-ms="2465" status="PASS">
          <reporter-output>
          </reporter-output>
        </test-method> <!-- search_product -->
        <test-method is-config="true" signature="tearDown()[pri:0, instance:testCases.TS003_TC01_product_searchByName@62ef27a8]" started-at="2026-04-29T15:57:55 IST" name="tearDown" finished-at="2026-04-29T15:57:55 IST" duration-ms="159" status="PASS">
          <reporter-output>
          </reporter-output>
        </test-method> <!-- tearDown -->
      </class> <!-- testCases.TS003_TC01_product_searchByName -->
      <class name="testCases.TS003_TC03_searchProductByDescription">
        <test-method is-config="true" signature="setup(java.lang.String,java.lang.String)[pri:0, instance:testCases.TS003_TC03_searchProductByDescription@460ebd80]" started-at="2026-04-29T15:57:58 IST" name="setup" finished-at="2026-04-29T15:57:59 IST" duration-ms="1561" status="PASS">
          <params>
            <param index="0">
              <value>
                <![CDATA[Windows]]>
              </value>
            </param>
            <param index="1">
              <value>
                <![CDATA[Chrome]]>
              </value>
            </param>
          </params>
          <reporter-output>
          </reporter-output>
        </test-method> <!-- setup -->
        <test-method signature="verifyProductnotexist()[pri:0, instance:testCases.TS003_TC03_searchProductByDescription@460ebd80]" started-at="2026-04-29T15:57:59 IST" name="verifyProductnotexist" finished-at="2026-04-29T15:58:00 IST" duration-ms="389" status="PASS">
          <reporter-output>
          </reporter-output>
        </test-method> <!-- verifyProductnotexist -->
        <test-method signature="verifyprodByDescription()[pri:2, instance:testCases.TS003_TC03_searchProductByDescription@460ebd80]" started-at="2026-04-29T15:58:00 IST" name="verifyprodByDescription" finished-at="2026-04-29T15:58:00 IST" duration-ms="469" status="PASS">
          <reporter-output>
          </reporter-output>
        </test-method> <!-- verifyprodByDescription -->
        <test-method is-config="true" signature="tearDown()[pri:0, instance:testCases.TS003_TC03_searchProductByDescription@460ebd80]" started-at="2026-04-29T15:58:00 IST" name="tearDown" finished-at="2026-04-29T15:58:00 IST" duration-ms="151" status="PASS">
          <reporter-output>
          </reporter-output>
        </test-method> <!-- tearDown -->
      </class> <!-- testCases.TS003_TC03_searchProductByDescription -->
      <class name="testCases.TS001_TC02_verifyNewsLetterFieldRegistration">
        <test-method is-config="true" signature="setup(java.lang.String,java.lang.String)[pri:0, instance:testCases.TS001_TC02_verifyNewsLetterFieldRegistration@21a21c64]" started-at="2026-04-29T15:56:59 IST" name="setup" finished-at="2026-04-29T15:57:01 IST" duration-ms="1783" status="PASS">
          <params>
            <param index="0">
              <value>
                <![CDATA[Windows]]>
              </value>
            </param>
            <param index="1">
              <value>
                <![CDATA[Chrome]]>
              </value>
            </param>
          </params>
          <reporter-output>
          </reporter-output>
        </test-method> <!-- setup -->
        <test-method signature="create_registration()[pri:0, instance:testCases.TS001_TC02_verifyNewsLetterFieldRegistration@21a21c64]" started-at="2026-04-29T15:57:01 IST" name="create_registration" finished-at="2026-04-29T15:57:04 IST" duration-ms="3381" status="PASS">
          <reporter-output>
          </reporter-output>
        </test-method> <!-- create_registration -->
        <test-method signature="verify_newsletterfield()[pri:1, instance:testCases.TS001_TC02_verifyNewsLetterFieldRegistration@21a21c64]" started-at="2026-04-29T15:57:04 IST" name="verify_newsletterfield" finished-at="2026-04-29T15:57:06 IST" duration-ms="1616" status="PASS">
          <reporter-output>
          </reporter-output>
        </test-method> <!-- verify_newsletterfield -->
        <test-method is-config="true" signature="tearDown()[pri:0, instance:testCases.TS001_TC02_verifyNewsLetterFieldRegistration@21a21c64]" started-at="2026-04-29T15:57:06 IST" name="tearDown" finished-at="2026-04-29T15:57:06 IST" duration-ms="141" status="PASS">
          <reporter-output>
          </reporter-output>
        </test-method> <!-- tearDown -->
      </class> <!-- testCases.TS001_TC02_verifyNewsLetterFieldRegistration -->
      <class name="testCases.TS003_TC02_NoProductExists">
        <test-method is-config="true" signature="setup(java.lang.String,java.lang.String)[pri:0, instance:testCases.TS003_TC02_NoProductExists@6436a7db]" started-at="2026-04-29T15:57:55 IST" name="setup" finished-at="2026-04-29T15:57:57 IST" duration-ms="1606" status="PASS">
          <params>
            <param index="0">
              <value>
                <![CDATA[Windows]]>
              </value>
            </param>
            <param index="1">
              <value>
                <![CDATA[Chrome]]>
              </value>
            </param>
          </params>
          <reporter-output>
          </reporter-output>
        </test-method> <!-- setup -->
        <test-method signature="verifyNoProductExists()[pri:0, instance:testCases.TS003_TC02_NoProductExists@6436a7db]" started-at="2026-04-29T15:57:57 IST" name="verifyNoProductExists" finished-at="2026-04-29T15:57:58 IST" duration-ms="429" status="PASS">
          <reporter-output>
          </reporter-output>
        </test-method> <!-- verifyNoProductExists -->
        <test-method is-config="true" signature="tearDown()[pri:0, instance:testCases.TS003_TC02_NoProductExists@6436a7db]" started-at="2026-04-29T15:57:58 IST" name="tearDown" finished-at="2026-04-29T15:57:58 IST" duration-ms="142" status="PASS">
          <reporter-output>
          </reporter-output>
        </test-method> <!-- tearDown -->
      </class> <!-- testCases.TS003_TC02_NoProductExists -->
    </test> <!-- Test -->
  </suite> <!-- Suite -->
</testng-results>
