<?xml version="1.0" encoding="UTF-8"?>
<testng-results ignored="0" total="2" passed="2" failed="0" skipped="0">
  <reporter-output>
  </reporter-output>
  <suite started-at="2026-04-30T01:14:20 IST" name="Suite" finished-at="2026-04-30T01:14:45 IST" duration-ms="25362">
    <groups>
      <group name="productSearch">
        <method signature="TS003_TC04_searchProdByCategory.searchProdByCorrectCategory()[pri:0, instance:testCases.TS003_TC04_searchProdByCategory@25aca718]" name="searchProdByCorrectCategory" class="testCases.TS003_TC04_searchProdByCategory"/>
        <method signature="TS003_TC04_searchProdByCategory.searchProdByWrongCategory()[pri:2, instance:testCases.TS003_TC04_searchProdByCategory@25aca718]" name="searchProdByWrongCategory" class="testCases.TS003_TC04_searchProdByCategory"/>
      </group> <!-- productSearch -->
    </groups>
    <test started-at="2026-04-30T01:14:20 IST" name="Test" finished-at="2026-04-30T01:14:45 IST" duration-ms="25362">
      <class name="testCases.TS003_TC04_searchProdByCategory">
        <test-method is-config="true" signature="setup(java.lang.String,java.lang.String)[pri:0, instance:testCases.TS003_TC04_searchProdByCategory@25aca718]" started-at="2026-04-30T01:14:20 IST" name="setup" finished-at="2026-04-30T01:14:22 IST" duration-ms="2525" status="PASS">
          <params>
            <param index="0">
              <value>
                <![CDATA[Windows]]>
              </value>
            </param>
            <param index="1">
              <value>
                <![CDATA[Chrome]]>
              </value>
            </param>
          </params>
          <reporter-output>
          </reporter-output>
        </test-method> <!-- setup -->
        <test-method signature="searchProdByCorrectCategory()[pri:0, instance:testCases.TS003_TC04_searchProdByCategory@25aca718]" started-at="2026-04-30T01:14:22 IST" name="searchProdByCorrectCategory" finished-at="2026-04-30T01:14:34 IST" duration-ms="11525" status="PASS">
          <reporter-output>
          </reporter-output>
        </test-method> <!-- searchProdByCorrectCategory -->
        <test-method signature="searchProdByWrongCategory()[pri:2, instance:testCases.TS003_TC04_searchProdByCategory@25aca718]" started-at="2026-04-30T01:14:34 IST" name="searchProdByWrongCategory" finished-at="2026-04-30T01:14:45 IST" duration-ms="10995" status="PASS">
          <reporter-output>
          </reporter-output>
        </test-method> <!-- searchProdByWrongCategory -->
        <test-method is-config="true" signature="tearDown()[pri:0, instance:testCases.TS003_TC04_searchProdByCategory@25aca718]" started-at="2026-04-30T01:14:45 IST" name="tearDown" finished-at="2026-04-30T01:14:45 IST" duration-ms="249" status="PASS">
          <reporter-output>
          </reporter-output>
        </test-method> <!-- tearDown -->
      </class> <!-- testCases.TS003_TC04_searchProdByCategory -->
    </test> <!-- Test -->
  </suite> <!-- Suite -->
</testng-results>
