<?xml version="1.0" encoding="UTF-8"?>
<!-- Generated by org.testng.reporters.JUnitReportReporter -->
<testsuite hostname="LAPTOP-7SQUBF90" failures="0" tests="2" name="testCases.TS001_TC03_VerifymandatoryFieldsRegistration" time="3.189" errors="0" timestamp="2026-04-29T15:58:07 IST" skipped="0">
  <testcase classname="testCases.TS001_TC03_VerifymandatoryFieldsRegistration" name="verifyFirstNameField" time="1.545"/>
  <testcase classname="testCases.TS001_TC03_VerifymandatoryFieldsRegistration" name="verifyLastNameField" time="1.644"/>
</testsuite> <!-- testCases.TS001_TC03_VerifymandatoryFieldsRegistration -->
