<?xml version="1.0" encoding="UTF-8"?>
<!-- Generated by org.testng.reporters.JUnitReportReporter -->
<testsuite hostname="LAPTOP-7SQUBF90" failures="0" tests="2" name="testCases.TS004_TC01_ForgotPassword" time="4.419" errors="0" timestamp="2026-04-29T15:58:07 IST" skipped="0">
  <testcase classname="testCases.TS004_TC01_ForgotPassword" name="validateCredentials" time="2.448"/>
  <testcase classname="testCases.TS004_TC01_ForgotPassword" name="verifyForgotPasword" time="1.971"/>
</testsuite> <!-- testCases.TS004_TC01_ForgotPassword -->
