<?xml version="1.0" encoding="UTF-8"?>
<!-- Generated by org.testng.reporters.JUnitReportReporter -->
<testsuite hostname="LAPTOP-7SQUBF90" failures="0" tests="5" name="testCases.TC03_DataDriventTestLogin" time="34.565" errors="0" timestamp="2026-04-22T01:00:24 IST" skipped="0">
  <testcase classname="testCases.TC03_DataDriventTestLogin" name="verify_DDTlogin" time="5.598"/>
  <testcase classname="testCases.TC03_DataDriventTestLogin" name="verify_DDTlogin" time="4.254"/>
  <testcase classname="testCases.TC03_DataDriventTestLogin" name="verify_DDTlogin" time="10.732"/>
  <testcase classname="testCases.TC03_DataDriventTestLogin" name="verify_DDTlogin" time="1.796"/>
  <testcase classname="testCases.TC03_DataDriventTestLogin" name="verify_DDTlogin" time="12.185"/>
</testsuite> <!-- testCases.TC03_DataDriventTestLogin -->
