<?xml version="1.0" encoding="UTF-8"?>
<!-- Generated by org.testng.reporters.JUnitReportReporter -->
<testsuite hostname="LAPTOP-7SQUBF90" failures="0" tests="5" name="testCases.TS002_TC02_DataDriventTestLogin" time="32.995" errors="0" timestamp="2026-04-29T15:58:07 IST" skipped="0">
  <testcase classname="testCases.TS002_TC02_DataDriventTestLogin" name="verify_DDTlogin" time="4.103"/>
  <testcase classname="testCases.TS002_TC02_DataDriventTestLogin" name="verify_DDTlogin" time="11.288"/>
  <testcase classname="testCases.TS002_TC02_DataDriventTestLogin" name="verify_DDTlogin" time="2.162"/>
  <testcase classname="testCases.TS002_TC02_DataDriventTestLogin" name="verify_DDTlogin" time="2.554"/>
  <testcase classname="testCases.TS002_TC02_DataDriventTestLogin" name="verify_DDTlogin" time="12.888"/>
</testsuite> <!-- testCases.TS002_TC02_DataDriventTestLogin -->
