<?xml version="1.0" encoding="UTF-8"?>
<!-- Generated by org.testng.reporters.JUnitReportReporter -->
<testsuite hostname="LAPTOP-7SQUBF90" failures="0" tests="2" name="testCases.TS001_TC02_verifyNewsLetterFieldRegistration" time="4.997" errors="0" timestamp="2026-04-29T15:58:07 IST" skipped="0">
  <testcase classname="testCases.TS001_TC02_verifyNewsLetterFieldRegistration" name="create_registration" time="3.381"/>
  <testcase classname="testCases.TS001_TC02_verifyNewsLetterFieldRegistration" name="verify_newsletterfield" time="1.616"/>
</testsuite> <!-- testCases.TS001_TC02_verifyNewsLetterFieldRegistration -->
