<?xml version="1.0" encoding="UTF-8"?>
<!-- Generated by org.testng.reporters.JUnitReportReporter -->
<testsuite hostname="LAPTOP-7SQUBF90" failures="0" tests="2" name="testCases.TS003_TC03_searchProductByDescription" time="0.858" errors="0" timestamp="2026-04-29T15:58:07 IST" skipped="0">
  <testcase classname="testCases.TS003_TC03_searchProductByDescription" name="verifyProductnotexist" time="0.389"/>
  <testcase classname="testCases.TS003_TC03_searchProductByDescription" name="verifyprodByDescription" time="0.469"/>
</testsuite> <!-- testCases.TS003_TC03_searchProductByDescription -->
