<?xml version="1.0" encoding="UTF-8"?>
<!-- Generated by org.testng.reporters.JUnitReportReporter -->
<testsuite hostname="LAPTOP-7SQUBF90" failures="0" tests="2" name="testCases.TS003_TC04_searchProdByCategory" time="22.520" errors="0" timestamp="2026-04-30T01:14:45 IST" skipped="0">
  <testcase classname="testCases.TS003_TC04_searchProdByCategory" name="searchProdByCorrectCategory" time="11.525"/>
  <testcase classname="testCases.TS003_TC04_searchProdByCategory" name="searchProdByWrongCategory" time="10.995"/>
</testsuite> <!-- testCases.TS003_TC04_searchProdByCategory -->
