<?xml version="1.0" encoding="UTF-8"?>
<!-- Generated by org.testng.reporters.JUnitReportReporter -->
<testsuite hostname="LAPTOP-7SQUBF90" failures="0" tests="2" name="testCases.TC01_AccountRegistrationTest" time="2.763" errors="0" timestamp="2026-04-22T00:37:32 IST" skipped="0">
  <testcase classname="testCases.TC01_AccountRegistrationTest" name="create_registration" time="2.450"/>
  <testcase classname="testCases.TC01_AccountRegistrationTest" name="verify_registration_msg" time="0.313"/>
</testsuite> <!-- testCases.TC01_AccountRegistrationTest -->
