<?xml version="1.0" encoding="UTF-8"?>
<!-- Generated by org.testng.reporters.JUnitReportReporter -->
<testsuite hostname="LAPTOP-7SQUBF90" failures="0" tests="2" name="testCases.TS001_TC03_VerifymandatoryFieldsRegistration" time="5.366" errors="0" timestamp="2026-04-29T17:02:22 IST" skipped="0">
  <testcase classname="testCases.TS001_TC03_VerifymandatoryFieldsRegistration" name="verifyFirstNameField" time="3.357"/>
  <testcase classname="testCases.TS001_TC03_VerifymandatoryFieldsRegistration" name="verifyLastNameField" time="2.009"/>
</testsuite> <!-- testCases.TS001_TC03_VerifymandatoryFieldsRegistration -->
