<?xml version="1.0" encoding="UTF-8"?>
<!-- Generated by org.testng.reporters.JUnitReportReporter -->
<testsuite hostname="LAPTOP-7SQUBF90" failures="0" tests="5" name="testCases.TS002_TC02_DataDriventTestLogin" time="33.147" errors="0" timestamp="2026-04-29T17:02:22 IST" skipped="0">
  <testcase classname="testCases.TS002_TC02_DataDriventTestLogin" name="verify_DDTlogin" time="12.555"/>
  <testcase classname="testCases.TS002_TC02_DataDriventTestLogin" name="verify_DDTlogin" time="3.187"/>
  <testcase classname="testCases.TS002_TC02_DataDriventTestLogin" name="verify_DDTlogin" time="10.470"/>
  <testcase classname="testCases.TS002_TC02_DataDriventTestLogin" name="verify_DDTlogin" time="3.556"/>
  <testcase classname="testCases.TS002_TC02_DataDriventTestLogin" name="verify_DDTlogin" time="3.379"/>
</testsuite> <!-- testCases.TS002_TC02_DataDriventTestLogin -->
