<?xml version="1.0" encoding="UTF-8"?>
<!-- Generated by org.testng.reporters.JUnitReportReporter -->
<testsuite hostname="LAPTOP-7SQUBF90" failures="0" tests="2" name="testCases.TS004_TC01_ForgotPassword" time="7.065" errors="0" timestamp="2026-04-29T17:02:22 IST" skipped="0">
  <testcase classname="testCases.TS004_TC01_ForgotPassword" name="validateCredentials" time="4.093"/>
  <testcase classname="testCases.TS004_TC01_ForgotPassword" name="verifyForgotPasword" time="2.972"/>
</testsuite> <!-- testCases.TS004_TC01_ForgotPassword -->
