<?xml version="1.0" encoding="UTF-8"?>
<!-- Generated by org.testng.reporters.JUnitReportReporter -->
<testsuite hostname="LAPTOP-7SQUBF90" failures="0" tests="2" name="testCases.TS001_TC01_AccountRegistrationTest" time="7.613" errors="0" timestamp="2026-04-29T17:02:22 IST" skipped="0">
  <testcase classname="testCases.TS001_TC01_AccountRegistrationTest" name="create_registration" time="6.630"/>
  <testcase classname="testCases.TS001_TC01_AccountRegistrationTest" name="verify_registration_msg" time="0.983"/>
</testsuite> <!-- testCases.TS001_TC01_AccountRegistrationTest -->
