<?xml version="1.0" encoding="UTF-8"?>
<!-- Generated by org.testng.reporters.JUnitReportReporter -->
<testsuite hostname="LAPTOP-7SQUBF90" failures="0" tests="5" name="testCases.TS002_TC02_DataDriventTestLogin" time="32.751" errors="0" timestamp="2026-04-29T17:48:23 IST" skipped="0">
  <testcase classname="testCases.TS002_TC02_DataDriventTestLogin" name="verify_DDTlogin" time="11.561"/>
  <testcase classname="testCases.TS002_TC02_DataDriventTestLogin" name="verify_DDTlogin" time="2.481"/>
  <testcase classname="testCases.TS002_TC02_DataDriventTestLogin" name="verify_DDTlogin" time="3.055"/>
  <testcase classname="testCases.TS002_TC02_DataDriventTestLogin" name="verify_DDTlogin" time="13.294"/>
  <testcase classname="testCases.TS002_TC02_DataDriventTestLogin" name="verify_DDTlogin" time="2.360"/>
</testsuite> <!-- testCases.TS002_TC02_DataDriventTestLogin -->
