<?xml version="1.0" encoding="UTF-8"?>
<!-- Generated by org.testng.reporters.JUnitReportReporter -->
<testsuite hostname="LAPTOP-7SQUBF90" failures="0" tests="2" name="testCases.TS001_TC02_verifyNewsLetterFieldRegistration" time="7.278" errors="0" timestamp="2026-04-29T17:02:22 IST" skipped="0">
  <testcase classname="testCases.TS001_TC02_verifyNewsLetterFieldRegistration" name="create_registration" time="5.032"/>
  <testcase classname="testCases.TS001_TC02_verifyNewsLetterFieldRegistration" name="verify_newsletterfield" time="2.246"/>
</testsuite> <!-- testCases.TS001_TC02_verifyNewsLetterFieldRegistration -->
